<?xml version="1.0" encoding="UTF-8"?>
<!-- Generated by org.testng.reporters.JUnitReportReporter -->
<testsuite skipped="0" hostname="DESKTOP-4PBLL9U" name="registerPackage.AllFieldsMandatoryTest" tests="7" failures="0" timestamp="2020-05-14T12:36:19 EET" time="6.076" errors="0">
  <testcase name="validateAllFieldsMandatory" time="0.816" classname="registerPackage.AllFieldsMandatoryTest"/>
  <testcase name="validateAllFieldsMandatory" time="0.596" classname="registerPackage.AllFieldsMandatoryTest"/>
  <testcase name="validateAllFieldsMandatory" time="1.040" classname="registerPackage.AllFieldsMandatoryTest"/>
  <testcase name="validateAllFieldsMandatory" time="0.784" classname="registerPackage.AllFieldsMandatoryTest"/>
  <testcase name="validateAllFieldsMandatory" time="1.194" classname="registerPackage.AllFieldsMandatoryTest"/>
  <testcase name="validateAllFieldsMandatory" time="0.811" classname="registerPackage.AllFieldsMandatoryTest"/>
  <testcase name="validateAllFieldsMandatory" time="0.835" classname="registerPackage.AllFieldsMandatoryTest"/>
</testsuite> <!-- registerPackage.AllFieldsMandatoryTest -->
