<?xml version="1.0" encoding="UTF-8"?>
<!-- Generated by org.testng.reporters.JUnitReportReporter -->
<testsuite skipped="0" hostname="DESKTOP-4PBLL9U" name="registerPackage.RegisterSuccessfulTest" tests="3" failures="0" timestamp="2020-05-08T16:49:43 EET" time="2.167" errors="0">
  <testcase name="AssertElementsExistOnPage" time="0.546" classname="registerPackage.RegisterSuccessfulTest"/>
  <testcase name="vaidateRegisterSuccess" time="0.001" classname="registerPackage.RegisterSuccessfulTest"/>
  <testcase name="validateEmailUnique" time="1.620" classname="registerPackage.RegisterSuccessfulTest"/>
</testsuite> <!-- registerPackage.RegisterSuccessfulTest -->
