<?xml version="1.0" encoding="UTF-8"?>
<!-- Generated by org.testng.reporters.JUnitReportReporter -->
<testsuite skipped="0" hostname="DESKTOP-4PBLL9U" name="registerPackage.EmailValidationTest" tests="3" failures="0" timestamp="2020-05-09T08:30:21 EET" time="12.683" errors="0">
  <testcase name="validateEmailNegative" time="3.216" classname="registerPackage.EmailValidationTest"/>
  <testcase name="validateEmailNegative" time="3.264" classname="registerPackage.EmailValidationTest"/>
  <testcase name="validateEmailNegative" time="6.203" classname="registerPackage.EmailValidationTest"/>
</testsuite> <!-- registerPackage.EmailValidationTest -->
